<?xml version="1.0" encoding="UTF-8"?>
<!-- Generated by org.testng.reporters.JUnitReportReporter -->
<testsuite hostname="IIL-WS-4172" name="com.ExtendReportListner.ExtentReport" tests="1" failures="0" timestamp="6 Jul 2018 06:20:21 GMT" time="79.408" errors="0">
  <testcase name="verifyresultspage" time="79.408" classname="com.ExtendReportListner.ExtentReport"/>
</testsuite> <!-- com.ExtendReportListner.ExtentReport -->
