<?xml version="1.0" encoding="UTF-8"?>
<!-- Generated by org.testng.reporters.JUnitReportReporter -->
<testsuite skipped="0" hostname="IIL-WS-4172" name="com.jgate.testcases.HomepageTest" tests="1" failures="0" timestamp="28 Sep 2018 11:29:44 GMT" time="51.963" errors="0">
  <testcase name="verifyresultspage" time="51.963" classname="com.jgate.testcases.HomepageTest"/>
</testsuite> <!-- com.jgate.testcases.HomepageTest -->
