<?xml version="1.0" encoding="UTF-8"?>
<!-- Generated by org.testng.reporters.JUnitReportReporter -->
<testsuite skipped="0" hostname="IIL-WS-4172" name="com.jgate.testcases.LoginpageTest" tests="3" failures="0" timestamp="24 Sep 2018 05:59:49 GMT" time="32.791" errors="0">
  <testcase name="loginpagetitletest" time="10.643" classname="com.jgate.testcases.LoginpageTest"/>
  <testcase name="jgatelogoimagetest" time="9.404" classname="com.jgate.testcases.LoginpageTest"/>
  <testcase name="loginTest" time="12.744" classname="com.jgate.testcases.LoginpageTest"/>
</testsuite> <!-- com.jgate.testcases.LoginpageTest -->
