<?xml version="1.0" encoding="UTF-8"?>
<!-- Generated by org.testng.reporters.JUnitReportReporter -->
<testsuite hostname="IIL-WS-4172" name="com.jgate.testcases.extenttestng" tests="1" failures="0" timestamp="5 Jul 2018 03:54:48 GMT" time="63.408" errors="0">
  <testcase name="verifyresultspage" time="63.408" classname="com.jgate.testcases.extenttestng"/>
</testsuite> <!-- com.jgate.testcases.extenttestng -->
